[2026-03-16T15:14:10.451+0000] {manager.py:470} INFO - Processing files using up to 2 processes at a time 
[2026-03-16T15:14:10.452+0000] {manager.py:471} INFO - Process each file at most once every 30 seconds
[2026-03-16T15:14:10.454+0000] {manager.py:472} INFO - Checking for new files in /opt/airflow/dags every 300 seconds
[2026-03-16T15:14:10.454+0000] {manager.py:737} INFO - Searching for files in /opt/airflow/dags
[2026-03-16T15:14:10.474+0000] {manager.py:740} INFO - There are 1 files in /opt/airflow/dags
[2026-03-16T15:14:10.562+0000] {manager.py:878} INFO - 
================================================================================
DAG File Processing Stats

File Path                              PID  Runtime      # DAGs    # Errors  Last Runtime    Last Run
-----------------------------------  -----  ---------  --------  ----------  --------------  ----------
/opt/airflow/dags/willitflop_dag.py    173  0.03s             0           0
================================================================================
[2026-03-16T15:14:40.704+0000] {manager.py:878} INFO - 
================================================================================
DAG File Processing Stats

File Path                              PID  Runtime      # DAGs    # Errors  Last Runtime    Last Run
-----------------------------------  -----  ---------  --------  ----------  --------------  -------------------
/opt/airflow/dags/willitflop_dag.py    178  0.00s             1           0  0.12s           2026-03-16T15:14:10
================================================================================
[2026-03-16T15:15:10.903+0000] {manager.py:878} INFO - 
================================================================================
DAG File Processing Stats

File Path                            PID    Runtime      # DAGs    # Errors  Last Runtime    Last Run
-----------------------------------  -----  ---------  --------  ----------  --------------  -------------------
/opt/airflow/dags/willitflop_dag.py                           1           0  0.23s           2026-03-16T15:14:40
================================================================================
[2026-03-16T15:15:41.210+0000] {manager.py:878} INFO - 
================================================================================
DAG File Processing Stats

File Path                              PID  Runtime      # DAGs    # Errors  Last Runtime    Last Run
-----------------------------------  -----  ---------  --------  ----------  --------------  -------------------
/opt/airflow/dags/willitflop_dag.py    188  0.00s             1           0  0.12s           2026-03-16T15:15:11
================================================================================
[2026-03-16T15:16:11.449+0000] {manager.py:878} INFO - 
================================================================================
DAG File Processing Stats

File Path                              PID  Runtime      # DAGs    # Errors  Last Runtime    Last Run
-----------------------------------  -----  ---------  --------  ----------  --------------  -------------------
/opt/airflow/dags/willitflop_dag.py    193  0.00s             1           0  0.10s           2026-03-16T15:15:41
================================================================================
[2026-03-16T15:16:41.600+0000] {manager.py:878} INFO - 
================================================================================
DAG File Processing Stats

File Path                              PID  Runtime      # DAGs    # Errors  Last Runtime    Last Run
-----------------------------------  -----  ---------  --------  ----------  --------------  -------------------
/opt/airflow/dags/willitflop_dag.py    198  0.01s             1           0  0.10s           2026-03-16T15:16:11
================================================================================
[2026-03-16T15:17:11.815+0000] {manager.py:878} INFO - 
================================================================================
DAG File Processing Stats

File Path                              PID  Runtime      # DAGs    # Errors  Last Runtime    Last Run
-----------------------------------  -----  ---------  --------  ----------  --------------  -------------------
/opt/airflow/dags/willitflop_dag.py    203  0.00s             1           0  0.10s           2026-03-16T15:16:41
================================================================================
[2026-03-16T15:17:41.961+0000] {manager.py:878} INFO - 
================================================================================
DAG File Processing Stats

File Path                              PID  Runtime      # DAGs    # Errors  Last Runtime    Last Run
-----------------------------------  -----  ---------  --------  ----------  --------------  -------------------
/opt/airflow/dags/willitflop_dag.py    208  0.00s             1           0  0.10s           2026-03-16T15:17:11
================================================================================
[2026-03-16T15:18:12.176+0000] {manager.py:878} INFO - 
================================================================================
DAG File Processing Stats

File Path                              PID  Runtime      # DAGs    # Errors  Last Runtime    Last Run
-----------------------------------  -----  ---------  --------  ----------  --------------  -------------------
/opt/airflow/dags/willitflop_dag.py    213  0.00s             1           0  0.10s           2026-03-16T15:17:42
================================================================================
[2026-03-16T15:18:42.316+0000] {manager.py:878} INFO - 
================================================================================
DAG File Processing Stats

File Path                              PID  Runtime      # DAGs    # Errors  Last Runtime    Last Run
-----------------------------------  -----  ---------  --------  ----------  --------------  -------------------
/opt/airflow/dags/willitflop_dag.py    218  0.00s             1           0  0.09s           2026-03-16T15:18:12
================================================================================
[2026-03-16T15:19:10.506+0000] {manager.py:737} INFO - Searching for files in /opt/airflow/dags
[2026-03-16T15:19:10.518+0000] {manager.py:740} INFO - There are 1 files in /opt/airflow/dags
[2026-03-16T15:19:12.542+0000] {manager.py:878} INFO - 
================================================================================
DAG File Processing Stats

File Path                              PID  Runtime      # DAGs    # Errors  Last Runtime    Last Run
-----------------------------------  -----  ---------  --------  ----------  --------------  -------------------
/opt/airflow/dags/willitflop_dag.py    223  0.00s             1           0  0.10s           2026-03-16T15:18:42
================================================================================
[2026-03-16T15:19:42.698+0000] {manager.py:878} INFO - 
================================================================================
DAG File Processing Stats

File Path                              PID  Runtime      # DAGs    # Errors  Last Runtime    Last Run
-----------------------------------  -----  ---------  --------  ----------  --------------  -------------------
/opt/airflow/dags/willitflop_dag.py    228  0.00s             1           0  0.09s           2026-03-16T15:19:12
================================================================================
[2026-03-16T15:20:12.887+0000] {manager.py:878} INFO - 
================================================================================
DAG File Processing Stats

File Path                              PID  Runtime      # DAGs    # Errors  Last Runtime    Last Run
-----------------------------------  -----  ---------  --------  ----------  --------------  -------------------
/opt/airflow/dags/willitflop_dag.py    233  0.00s             1           0  0.11s           2026-03-16T15:19:42
================================================================================
[2026-03-16T15:20:43.071+0000] {manager.py:878} INFO - 
================================================================================
DAG File Processing Stats

File Path                              PID  Runtime      # DAGs    # Errors  Last Runtime    Last Run
-----------------------------------  -----  ---------  --------  ----------  --------------  -------------------
/opt/airflow/dags/willitflop_dag.py    238  0.00s             1           0  0.11s           2026-03-16T15:20:12
================================================================================
[2026-03-16T15:21:13.257+0000] {manager.py:878} INFO - 
================================================================================
DAG File Processing Stats

File Path                              PID  Runtime      # DAGs    # Errors  Last Runtime    Last Run
-----------------------------------  -----  ---------  --------  ----------  --------------  -------------------
/opt/airflow/dags/willitflop_dag.py    243  0.00s             1           0  0.10s           2026-03-16T15:20:43
================================================================================
[2026-03-16T15:21:43.442+0000] {manager.py:878} INFO - 
================================================================================
DAG File Processing Stats

File Path                              PID  Runtime      # DAGs    # Errors  Last Runtime    Last Run
-----------------------------------  -----  ---------  --------  ----------  --------------  -------------------
/opt/airflow/dags/willitflop_dag.py    248  0.00s             1           0  0.11s           2026-03-16T15:21:13
================================================================================
[2026-03-16T15:22:13.641+0000] {manager.py:878} INFO - 
================================================================================
DAG File Processing Stats

File Path                              PID  Runtime      # DAGs    # Errors  Last Runtime    Last Run
-----------------------------------  -----  ---------  --------  ----------  --------------  -------------------
/opt/airflow/dags/willitflop_dag.py    253  0.00s             1           0  0.12s           2026-03-16T15:21:43
================================================================================
[2026-03-16T15:22:43.814+0000] {manager.py:878} INFO - 
================================================================================
DAG File Processing Stats

File Path                              PID  Runtime      # DAGs    # Errors  Last Runtime    Last Run
-----------------------------------  -----  ---------  --------  ----------  --------------  -------------------
/opt/airflow/dags/willitflop_dag.py    258  0.00s             1           0  0.11s           2026-03-16T15:22:13
================================================================================
[2026-03-16T15:23:14.001+0000] {manager.py:878} INFO - 
================================================================================
DAG File Processing Stats

File Path                              PID  Runtime      # DAGs    # Errors  Last Runtime    Last Run
-----------------------------------  -----  ---------  --------  ----------  --------------  -------------------
/opt/airflow/dags/willitflop_dag.py    263  0.00s             1           0  0.10s           2026-03-16T15:22:43
================================================================================
[2026-03-16T15:23:44.180+0000] {manager.py:878} INFO - 
================================================================================
DAG File Processing Stats

File Path                              PID  Runtime      # DAGs    # Errors  Last Runtime    Last Run
-----------------------------------  -----  ---------  --------  ----------  --------------  -------------------
/opt/airflow/dags/willitflop_dag.py    268  0.00s             1           0  0.09s           2026-03-16T15:23:14
================================================================================
[2026-03-16T15:24:11.350+0000] {manager.py:737} INFO - Searching for files in /opt/airflow/dags
[2026-03-16T15:24:11.360+0000] {manager.py:740} INFO - There are 1 files in /opt/airflow/dags
[2026-03-16T15:24:14.388+0000] {manager.py:878} INFO - 
================================================================================
DAG File Processing Stats

File Path                              PID  Runtime      # DAGs    # Errors  Last Runtime    Last Run
-----------------------------------  -----  ---------  --------  ----------  --------------  -------------------
/opt/airflow/dags/willitflop_dag.py    273  0.00s             1           0  0.10s           2026-03-16T15:23:44
================================================================================
[2026-03-16T15:24:44.541+0000] {manager.py:878} INFO - 
================================================================================
DAG File Processing Stats

File Path                              PID  Runtime      # DAGs    # Errors  Last Runtime    Last Run
-----------------------------------  -----  ---------  --------  ----------  --------------  -------------------
/opt/airflow/dags/willitflop_dag.py    278  0.00s             1           0  0.12s           2026-03-16T15:24:14
================================================================================
[2026-03-16T15:25:14.767+0000] {manager.py:878} INFO - 
================================================================================
DAG File Processing Stats

File Path                              PID  Runtime      # DAGs    # Errors  Last Runtime    Last Run
-----------------------------------  -----  ---------  --------  ----------  --------------  -------------------
/opt/airflow/dags/willitflop_dag.py    283  0.00s             1           0  0.09s           2026-03-16T15:24:44
================================================================================
[2026-03-16T15:25:44.919+0000] {manager.py:878} INFO - 
================================================================================
DAG File Processing Stats

File Path                              PID  Runtime      # DAGs    # Errors  Last Runtime    Last Run
-----------------------------------  -----  ---------  --------  ----------  --------------  -------------------
/opt/airflow/dags/willitflop_dag.py    288  0.00s             1           0  0.10s           2026-03-16T15:25:14
================================================================================
[2026-03-16T15:26:15.122+0000] {manager.py:878} INFO - 
================================================================================
DAG File Processing Stats

File Path                              PID  Runtime      # DAGs    # Errors  Last Runtime    Last Run
-----------------------------------  -----  ---------  --------  ----------  --------------  -------------------
/opt/airflow/dags/willitflop_dag.py    293  0.00s             1           0  0.10s           2026-03-16T15:25:45
================================================================================
[2026-03-16T15:26:45.278+0000] {manager.py:878} INFO - 
================================================================================
DAG File Processing Stats

File Path                              PID  Runtime      # DAGs    # Errors  Last Runtime    Last Run
-----------------------------------  -----  ---------  --------  ----------  --------------  -------------------
/opt/airflow/dags/willitflop_dag.py    298  0.00s             1           0  0.11s           2026-03-16T15:26:15
================================================================================
[2026-03-16T15:27:15.511+0000] {manager.py:878} INFO - 
================================================================================
DAG File Processing Stats

File Path                              PID  Runtime      # DAGs    # Errors  Last Runtime    Last Run
-----------------------------------  -----  ---------  --------  ----------  --------------  -------------------
/opt/airflow/dags/willitflop_dag.py    303  0.00s             1           0  0.10s           2026-03-16T15:26:45
================================================================================
[2026-03-16T15:27:45.661+0000] {manager.py:878} INFO - 
================================================================================
DAG File Processing Stats

File Path                              PID  Runtime      # DAGs    # Errors  Last Runtime    Last Run
-----------------------------------  -----  ---------  --------  ----------  --------------  -------------------
/opt/airflow/dags/willitflop_dag.py    308  0.00s             1           0  0.11s           2026-03-16T15:27:15
================================================================================
[2026-03-16T15:28:15.878+0000] {manager.py:878} INFO - 
================================================================================
DAG File Processing Stats

File Path                              PID  Runtime      # DAGs    # Errors  Last Runtime    Last Run
-----------------------------------  -----  ---------  --------  ----------  --------------  -------------------
/opt/airflow/dags/willitflop_dag.py    313  0.00s             1           0  0.11s           2026-03-16T15:27:45
================================================================================
[2026-03-16T15:28:46.034+0000] {manager.py:878} INFO - 
================================================================================
DAG File Processing Stats

File Path                              PID  Runtime      # DAGs    # Errors  Last Runtime    Last Run
-----------------------------------  -----  ---------  --------  ----------  --------------  -------------------
/opt/airflow/dags/willitflop_dag.py    318  0.00s             1           0  0.11s           2026-03-16T15:28:15
================================================================================
[2026-03-16T15:29:12.220+0000] {manager.py:737} INFO - Searching for files in /opt/airflow/dags
[2026-03-16T15:29:12.231+0000] {manager.py:740} INFO - There are 1 files in /opt/airflow/dags
[2026-03-16T15:29:16.263+0000] {manager.py:878} INFO - 
================================================================================
DAG File Processing Stats

File Path                              PID  Runtime      # DAGs    # Errors  Last Runtime    Last Run
-----------------------------------  -----  ---------  --------  ----------  --------------  -------------------
/opt/airflow/dags/willitflop_dag.py    323  0.00s             1           0  0.11s           2026-03-16T15:28:46
================================================================================
[2026-03-16T15:29:46.411+0000] {manager.py:878} INFO - 
================================================================================
DAG File Processing Stats

File Path                              PID  Runtime      # DAGs    # Errors  Last Runtime    Last Run
-----------------------------------  -----  ---------  --------  ----------  --------------  -------------------
/opt/airflow/dags/willitflop_dag.py    328  0.00s             1           0  0.10s           2026-03-16T15:29:16
================================================================================
[2026-03-16T15:30:16.645+0000] {manager.py:878} INFO - 
================================================================================
DAG File Processing Stats

File Path                              PID  Runtime      # DAGs    # Errors  Last Runtime    Last Run
-----------------------------------  -----  ---------  --------  ----------  --------------  -------------------
/opt/airflow/dags/willitflop_dag.py    333  0.00s             1           0  0.11s           2026-03-16T15:29:46
================================================================================
